AH00558: httpd.exe: Could not reliably determine the server's fully qualified domain name, using fe80::487b:e85b:bceb:1cbb. Set the 'ServerName' directive globally to suppress this message
[Tue Dec 17 11:30:36.805747 2024] [mpm_winnt:notice] [pid 5724:tid 804] AH00455: Apache/2.4.43 (Win32) mod_fcgid/2.3.9a configured -- resuming normal operations
[Tue Dec 17 11:30:36.806745 2024] [mpm_winnt:notice] [pid 5724:tid 804] AH00456: Server built: Apr 21 2020 13:46:54
[Tue Dec 17 11:30:36.806745 2024] [core:notice] [pid 5724:tid 804] AH00094: Command line: 'C:\\Users\\Master\\AppData\\Roaming\\Local\\lightning-services\\apache-2.4.43+8\\bin\\win32\\bin\\httpd.exe -d C:/Users/Master/AppData/Roaming/Local/lightning-services/apache-2.4.43+8/bin/win32 -D FOREGROUND -f C:\\Users\\Master\\AppData\\Roaming\\Local\\run\\RqR0nn3u9\\conf\\apache\\apache2.conf'
[Tue Dec 17 11:30:36.814724 2024] [mpm_winnt:notice] [pid 5724:tid 804] AH00418: Parent: Created child process 6108
AH00558: httpd.exe: Could not reliably determine the server's fully qualified domain name, using fe80::487b:e85b:bceb:1cbb. Set the 'ServerName' directive globally to suppress this message
AH00558: httpd.exe: Could not reliably determine the server's fully qualified domain name, using fe80::487b:e85b:bceb:1cbb. Set the 'ServerName' directive globally to suppress this message
[Tue Dec 17 11:30:37.883864 2024] [mpm_winnt:notice] [pid 6108:tid 784] AH00354: Child: Starting 64 worker threads.
AH00558: httpd.exe: Could not reliably determine the server's fully qualified domain name, using fe80::487b:e85b:bceb:1cbb. Set the 'ServerName' directive globally to suppress this message
[Tue Dec 17 15:12:16.203830 2024] [core:warn] [pid 195124:tid 540] AH00098: pid file C:/Users/Master/AppData/Roaming/Local/run/RqR0nn3u9/apache/logs/httpd.pid overwritten -- Unclean shutdown of previous Apache run?
[Tue Dec 17 15:12:16.206822 2024] [mpm_winnt:notice] [pid 195124:tid 540] AH00455: Apache/2.4.43 (Win32) mod_fcgid/2.3.9a configured -- resuming normal operations
[Tue Dec 17 15:12:16.206822 2024] [mpm_winnt:notice] [pid 195124:tid 540] AH00456: Server built: Apr 21 2020 13:46:54
[Tue Dec 17 15:12:16.206822 2024] [core:notice] [pid 195124:tid 540] AH00094: Command line: 'C:\\Users\\Master\\AppData\\Roaming\\Local\\lightning-services\\apache-2.4.43+8\\bin\\win32\\bin\\httpd.exe -d C:/Users/Master/AppData/Roaming/Local/lightning-services/apache-2.4.43+8/bin/win32 -D FOREGROUND -f C:\\Users\\Master\\AppData\\Roaming\\Local\\run\\RqR0nn3u9\\conf\\apache\\apache2.conf'
[Tue Dec 17 15:12:16.361409 2024] [mpm_winnt:notice] [pid 195124:tid 540] AH00418: Parent: Created child process 189604
AH00558: httpd.exe: Could not reliably determine the server's fully qualified domain name, using fe80::487b:e85b:bceb:1cbb. Set the 'ServerName' directive globally to suppress this message
AH00558: httpd.exe: Could not reliably determine the server's fully qualified domain name, using fe80::487b:e85b:bceb:1cbb. Set the 'ServerName' directive globally to suppress this message
[Tue Dec 17 15:12:18.799611 2024] [mpm_winnt:notice] [pid 189604:tid 828] AH00354: Child: Starting 64 worker threads.
[Tue Dec 17 15:17:41.574007 2024] [mpm_winnt:notice] [pid 195124:tid 540] AH00428: Parent: child process 189604 exited with status 1 -- Restarting.
AH00558: httpd.exe: Could not reliably determine the server's fully qualified domain name, using fe80::487b:e85b:bceb:1cbb. Set the 'ServerName' directive globally to suppress this message
[Thu Dec 19 15:25:36.939574 2024] [core:warn] [pid 17216:tid 524] AH00098: pid file C:/Users/Master/AppData/Roaming/Local/run/RqR0nn3u9/apache/logs/httpd.pid overwritten -- Unclean shutdown of previous Apache run?
[Thu Dec 19 15:25:36.941569 2024] [mpm_winnt:notice] [pid 17216:tid 524] AH00455: Apache/2.4.43 (Win32) mod_fcgid/2.3.9a configured -- resuming normal operations
[Thu Dec 19 15:25:36.941569 2024] [mpm_winnt:notice] [pid 17216:tid 524] AH00456: Server built: Apr 21 2020 13:46:54
[Thu Dec 19 15:25:36.941569 2024] [core:notice] [pid 17216:tid 524] AH00094: Command line: 'C:\\Users\\Master\\AppData\\Roaming\\Local\\lightning-services\\apache-2.4.43+8\\bin\\win32\\bin\\httpd.exe -d C:/Users/Master/AppData/Roaming/Local/lightning-services/apache-2.4.43+8/bin/win32 -D FOREGROUND -f C:\\Users\\Master\\AppData\\Roaming\\Local\\run\\RqR0nn3u9\\conf\\apache\\apache2.conf'
[Thu Dec 19 15:25:36.945558 2024] [mpm_winnt:notice] [pid 17216:tid 524] AH00418: Parent: Created child process 14372
AH00558: httpd.exe: Could not reliably determine the server's fully qualified domain name, using fe80::487b:e85b:bceb:1cbb. Set the 'ServerName' directive globally to suppress this message
AH00558: httpd.exe: Could not reliably determine the server's fully qualified domain name, using fe80::487b:e85b:bceb:1cbb. Set the 'ServerName' directive globally to suppress this message
[Thu Dec 19 15:25:38.260042 2024] [mpm_winnt:notice] [pid 14372:tid 832] AH00354: Child: Starting 64 worker threads.
AH00558: httpd.exe: Could not reliably determine the server's fully qualified domain name, using fe80::487b:e85b:bceb:1cbb. Set the 'ServerName' directive globally to suppress this message
[Fri Dec 20 09:52:14.564660 2024] [core:warn] [pid 11332:tid 536] AH00098: pid file C:/Users/Master/AppData/Roaming/Local/run/RqR0nn3u9/apache/logs/httpd.pid overwritten -- Unclean shutdown of previous Apache run?
[Fri Dec 20 09:52:14.567649 2024] [mpm_winnt:notice] [pid 11332:tid 536] AH00455: Apache/2.4.43 (Win32) mod_fcgid/2.3.9a configured -- resuming normal operations
[Fri Dec 20 09:52:14.567649 2024] [mpm_winnt:notice] [pid 11332:tid 536] AH00456: Server built: Apr 21 2020 13:46:54
[Fri Dec 20 09:52:14.567649 2024] [core:notice] [pid 11332:tid 536] AH00094: Command line: 'C:\\Users\\Master\\AppData\\Roaming\\Local\\lightning-services\\apache-2.4.43+8\\bin\\win32\\bin\\httpd.exe -d C:/Users/Master/AppData/Roaming/Local/lightning-services/apache-2.4.43+8/bin/win32 -D FOREGROUND -f C:\\Users\\Master\\AppData\\Roaming\\Local\\run\\RqR0nn3u9\\conf\\apache\\apache2.conf'
[Fri Dec 20 09:52:14.570641 2024] [mpm_winnt:notice] [pid 11332:tid 536] AH00418: Parent: Created child process 988
AH00558: httpd.exe: Could not reliably determine the server's fully qualified domain name, using fe80::487b:e85b:bceb:1cbb. Set the 'ServerName' directive globally to suppress this message
AH00558: httpd.exe: Could not reliably determine the server's fully qualified domain name, using fe80::487b:e85b:bceb:1cbb. Set the 'ServerName' directive globally to suppress this message
[Fri Dec 20 09:52:15.883131 2024] [mpm_winnt:notice] [pid 988:tid 844] AH00354: Child: Starting 64 worker threads.
